TN:
SF:services/agent-api/src/index.js
FN:11,(anonymous_0)
FN:18,(anonymous_1)
FNF:2
FNH:0
FNDA:0,(anonymous_0)
FNDA:0,(anonymous_1)
DA:6,0
DA:7,0
DA:9,0
DA:11,0
DA:12,0
DA:16,0
DA:18,0
DA:19,0
LF:8
LH:0
BRDA:7,0,0,0
BRDA:7,0,1,0
BRF:2
BRH:0
end_of_record
TN:
SF:services/agent-api/src/agents/discovery.js
FN:15,loadDiscoveryConfig
FN:44,(anonymous_1)
FN:52,(anonymous_2)
FN:59,(anonymous_3)
FN:66,(anonymous_4)
FN:90,getDefaultExclusionPatterns
FN:103,clearDiscoveryConfigCache
FN:110,fetchCandidatesFromSource
FN:140,processCandidate
FN:162,processRetry
FN:175,processNewItem
FN:191,loadSources
FN:211,logSkippedPremiumSources
FN:222,(anonymous_13)
FN:226,runDiscovery
FN:267,processCandidates
FN:286,logSummary
FN:296,fetchRSS
FN:298,(anonymous_18)
FN:322,parseRSS
FN:354,(anonymous_20)
FN:358,(anonymous_21)
FN:377,extractDate
FN:404,normalizeUrl
FN:413,checkExists
FN:444,retryRejected
FN:480,insertToQueue
FNF:27
FNH:0
FNDA:0,loadDiscoveryConfig
FNDA:0,(anonymous_1)
FNDA:0,(anonymous_2)
FNDA:0,(anonymous_3)
FNDA:0,(anonymous_4)
FNDA:0,getDefaultExclusionPatterns
FNDA:0,clearDiscoveryConfigCache
FNDA:0,fetchCandidatesFromSource
FNDA:0,processCandidate
FNDA:0,processRetry
FNDA:0,processNewItem
FNDA:0,loadSources
FNDA:0,logSkippedPremiumSources
FNDA:0,(anonymous_13)
FNDA:0,runDiscovery
FNDA:0,processCandidates
FNDA:0,logSummary
FNDA:0,fetchRSS
FNDA:0,(anonymous_18)
FNDA:0,parseRSS
FNDA:0,(anonymous_20)
FNDA:0,(anonymous_21)
FNDA:0,extractDate
FNDA:0,normalizeUrl
FNDA:0,checkExists
FNDA:0,retryRejected
FNDA:0,insertToQueue
DA:5,0
DA:8,0
DA:16,0
DA:18,0
DA:21,0
DA:27,0
DA:30,0
DA:38,0
DA:41,0
DA:43,0
DA:44,0
DA:45,0
DA:50,0
DA:51,0
DA:52,0
DA:53,0
DA:58,0
DA:59,0
DA:62,0
DA:63,0
DA:64,0
DA:65,0
DA:66,0
DA:69,0
DA:72,0
DA:75,0
DA:80,0
DA:84,0
DA:91,0
DA:104,0
DA:112,0
DA:113,0
DA:114,0
DA:115,0
DA:116,0
DA:118,0
DA:123,0
DA:124,0
DA:125,0
DA:126,0
DA:127,0
DA:128,0
DA:130,0
DA:134,0
DA:141,0
DA:143,0
DA:144,0
DA:147,0
DA:149,0
DA:150,0
DA:151,0
DA:152,0
DA:155,0
DA:156,0
DA:159,0
DA:163,0
DA:164,0
DA:165,0
DA:168,0
DA:169,0
DA:176,0
DA:177,0
DA:178,0
DA:181,0
DA:182,0
DA:192,0
DA:199,0
DA:200,0
DA:202,0
DA:205,0
DA:206,0
DA:208,0
DA:212,0
DA:214,0
DA:220,0
DA:221,0
DA:222,0
DA:227,0
DA:229,0
DA:230,0
DA:231,0
DA:233,0
DA:234,0
DA:236,0
DA:237,0
DA:238,0
DA:241,0
DA:243,0
DA:244,0
DA:246,0
DA:247,0
DA:249,0
DA:250,0
DA:251,0
DA:252,0
DA:254,0
DA:255,0
DA:256,0
DA:259,0
DA:263,0
DA:264,0
DA:268,0
DA:270,0
DA:271,0
DA:273,0
DA:274,0
DA:276,0
DA:278,0
DA:279,0
DA:280,0
DA:283,0
DA:287,0
DA:288,0
DA:289,0
DA:290,0
DA:291,0
DA:297,0
DA:298,0
DA:300,0
DA:301,0
DA:310,0
DA:312,0
DA:313,0
DA:314,0
DA:316,0
DA:317,0
DA:318,0
DA:323,0
DA:324,0
DA:325,0
DA:326,0
DA:328,0
DA:330,0
DA:332,0
DA:335,0
DA:336,0
DA:337,0
DA:338,0
DA:339,0
DA:340,0
DA:342,0
DA:344,0
DA:345,0
DA:346,0
DA:348,0
DA:351,0
DA:354,0
DA:355,0
DA:358,0
DA:359,0
DA:362,0
DA:364,0
DA:371,0
DA:379,0
DA:380,0
DA:381,0
DA:382,0
DA:387,0
DA:388,0
DA:389,0
DA:390,0
DA:391,0
DA:392,0
DA:394,0
DA:395,0
DA:401,0
DA:405,0
DA:406,0
DA:407,0
DA:409,0
DA:414,0
DA:417,0
DA:423,0
DA:425,0
DA:426,0
DA:429,0
DA:433,0
DA:439,0
DA:441,0
DA:445,0
DA:448,0
DA:455,0
DA:458,0
DA:465,0
DA:477,0
DA:481,0
DA:483,0
DA:493,0
DA:508,0
DA:509,0
DA:510,0
DA:511,0
DA:514,0
LF:193
LH:0
BRDA:16,0,0,0
BRDA:16,0,1,0
BRDA:41,1,0,0
BRDA:41,1,1,0
BRDA:45,2,0,0
BRDA:45,2,1,0
BRDA:50,3,0,0
BRDA:50,3,1,0
BRDA:53,4,0,0
BRDA:53,4,1,0
BRDA:63,5,0,0
BRDA:63,5,1,0
BRDA:66,6,0,0
BRDA:66,6,1,0
BRDA:112,7,0,0
BRDA:112,7,1,0
BRDA:123,8,0,0
BRDA:123,8,1,0
BRDA:143,9,0,0
BRDA:143,9,1,0
BRDA:149,10,0,0
BRDA:149,10,1,0
BRDA:150,11,0,0
BRDA:150,11,1,0
BRDA:155,12,0,0
BRDA:155,12,1,0
BRDA:164,13,0,0
BRDA:164,13,1,0
BRDA:177,14,0,0
BRDA:177,14,1,0
BRDA:199,15,0,0
BRDA:199,15,1,0
BRDA:206,16,0,0
BRDA:206,16,1,0
BRDA:208,17,0,0
BRDA:208,17,1,0
BRDA:212,18,0,0
BRDA:212,18,1,0
BRDA:220,19,0,0
BRDA:220,19,1,0
BRDA:226,20,0,0
BRDA:227,21,0,0
BRDA:227,22,0,0
BRDA:230,23,0,0
BRDA:230,23,1,0
BRDA:231,24,0,0
BRDA:231,24,1,0
BRDA:236,25,0,0
BRDA:236,25,1,0
BRDA:254,26,0,0
BRDA:254,26,1,0
BRDA:254,27,0,0
BRDA:254,27,1,0
BRDA:271,28,0,0
BRDA:271,28,1,0
BRDA:271,29,0,0
BRDA:271,29,1,0
BRDA:276,30,0,0
BRDA:276,30,1,0
BRDA:279,31,0,0
BRDA:279,31,1,0
BRDA:280,32,0,0
BRDA:280,32,1,0
BRDA:312,33,0,0
BRDA:312,33,1,0
BRDA:317,34,0,0
BRDA:317,34,1,0
BRDA:342,35,0,0
BRDA:342,35,1,0
BRDA:342,36,0,0
BRDA:342,36,1,0
BRDA:345,37,0,0
BRDA:345,37,1,0
BRDA:345,37,2,0
BRDA:346,38,0,0
BRDA:346,38,1,0
BRDA:348,39,0,0
BRDA:348,39,1,0
BRDA:355,40,0,0
BRDA:355,40,1,0
BRDA:359,41,0,0
BRDA:359,41,1,0
BRDA:379,42,0,0
BRDA:379,42,1,0
BRDA:381,43,0,0
BRDA:381,43,1,0
BRDA:387,44,0,0
BRDA:387,44,1,0
BRDA:387,45,0,0
BRDA:387,45,1,0
BRDA:389,46,0,0
BRDA:389,46,1,0
BRDA:394,47,0,0
BRDA:394,47,1,0
BRDA:394,48,0,0
BRDA:394,48,1,0
BRDA:394,48,2,0
BRDA:394,48,3,0
BRDA:423,49,0,0
BRDA:423,49,1,0
BRDA:425,50,0,0
BRDA:425,50,1,0
BRDA:439,51,0,0
BRDA:439,51,1,0
BRDA:455,52,0,0
BRDA:455,52,1,0
BRDA:508,53,0,0
BRDA:508,53,1,0
BRDA:509,54,0,0
BRDA:509,54,1,0
BRF:110
BRH:0
end_of_record
TN:
SF:services/agent-api/src/agents/enrich-item.js
FN:28,isRetryableStatus
FN:32,delay
FN:33,(anonymous_2)
FN:36,logRetry
FN:40,attemptFetch
FN:42,(anonymous_5)
FN:84,fetchContent
FN:93,extractTextContent
FN:104,parseHtml
FN:126,extractTitleFromUrl
FN:141,updateStatus
FN:148,stepFetch
FN:165,stepFilter
FN:179,stepSummarize
FN:202,stepTag
FN:228,stepThumbnail
FN:242,enrichItem
FN:284,processQueue
FNF:18
FNH:0
FNDA:0,isRetryableStatus
FNDA:0,delay
FNDA:0,(anonymous_2)
FNDA:0,logRetry
FNDA:0,attemptFetch
FNDA:0,(anonymous_5)
FNDA:0,fetchContent
FNDA:0,extractTextContent
FNDA:0,parseHtml
FNDA:0,extractTitleFromUrl
FNDA:0,updateStatus
FNDA:0,stepFetch
FNDA:0,stepFilter
FNDA:0,stepSummarize
FNDA:0,stepTag
FNDA:0,stepThumbnail
FNDA:0,enrichItem
FNDA:0,processQueue
DA:15,0
DA:20,0
DA:29,0
DA:33,0
DA:37,0
DA:41,0
DA:42,0
DA:44,0
DA:45,0
DA:50,0
DA:52,0
DA:53,0
DA:54,0
DA:55,0
DA:57,0
DA:60,0
DA:61,0
DA:63,0
DA:65,0
DA:66,0
DA:67,0
DA:68,0
DA:70,0
DA:73,0
DA:74,0
DA:75,0
DA:77,0
DA:85,0
DA:86,0
DA:87,0
DA:88,0
DA:90,0
DA:95,0
DA:106,0
DA:111,0
DA:115,0
DA:118,0
DA:127,0
DA:128,0
DA:129,0
DA:130,0
DA:135,0
DA:142,0
DA:149,0
DA:150,0
DA:151,0
DA:153,0
DA:161,0
DA:162,0
DA:166,0
DA:167,0
DA:169,0
DA:170,0
DA:171,0
DA:172,0
DA:175,0
DA:176,0
DA:180,0
DA:181,0
DA:183,0
DA:197,0
DA:198,0
DA:199,0
DA:203,0
DA:204,0
DA:206,0
DA:224,0
DA:225,0
DA:229,0
DA:230,0
DA:231,0
DA:232,0
DA:234,0
DA:235,0
DA:243,0
DA:244,0
DA:246,0
DA:248,0
DA:249,0
DA:251,0
DA:253,0
DA:254,0
DA:255,0
DA:258,0
DA:259,0
DA:261,0
DA:262,0
DA:265,0
DA:267,0
DA:268,0
DA:270,0
DA:272,0
DA:273,0
DA:274,0
DA:285,0
DA:287,0
DA:290,0
DA:297,0
DA:298,0
DA:301,0
DA:302,0
DA:303,0
DA:306,0
DA:308,0
DA:309,0
DA:311,0
DA:312,0
DA:313,0
DA:314,0
DA:316,0
DA:320,0
DA:321,0
DA:322,0
DA:324,0
LF:114
LH:0
BRDA:16,0,0,0
BRDA:16,0,1,0
BRDA:29,1,0,0
BRDA:29,1,1,0
BRDA:52,2,0,0
BRDA:52,2,1,0
BRDA:53,3,0,0
BRDA:53,3,1,0
BRDA:53,4,0,0
BRDA:53,4,1,0
BRDA:65,5,0,0
BRDA:65,5,1,0
BRDA:66,6,0,0
BRDA:66,6,1,0
BRDA:73,7,0,0
BRDA:73,7,1,0
BRDA:84,8,0,0
BRDA:87,9,0,0
BRDA:87,9,1,0
BRDA:88,10,0,0
BRDA:88,10,1,0
BRDA:106,11,0,0
BRDA:106,11,1,0
BRDA:106,11,2,0
BRDA:111,12,0,0
BRDA:111,12,1,0
BRDA:115,13,0,0
BRDA:115,13,1,0
BRDA:119,14,0,0
BRDA:119,14,1,0
BRDA:120,15,0,0
BRDA:120,15,1,0
BRDA:121,16,0,0
BRDA:121,16,1,0
BRDA:129,17,0,0
BRDA:129,17,1,0
BRDA:141,18,0,0
BRDA:158,19,0,0
BRDA:158,19,1,0
BRDA:169,20,0,0
BRDA:169,20,1,0
BRDA:186,21,0,0
BRDA:186,21,1,0
BRDA:187,22,0,0
BRDA:187,22,1,0
BRDA:210,23,0,0
BRDA:210,23,1,0
BRDA:211,24,0,0
BRDA:211,24,1,0
BRDA:212,25,0,0
BRDA:212,25,1,0
BRDA:213,26,0,0
BRDA:213,26,1,0
BRDA:214,27,0,0
BRDA:214,27,1,0
BRDA:215,28,0,0
BRDA:215,28,1,0
BRDA:216,29,0,0
BRDA:216,29,1,0
BRDA:242,30,0,0
BRDA:243,31,0,0
BRDA:254,32,0,0
BRDA:254,32,1,0
BRDA:261,33,0,0
BRDA:261,33,1,0
BRDA:284,34,0,0
BRDA:285,35,0,0
BRDA:285,36,0,0
BRDA:297,37,0,0
BRDA:297,37,1,0
BRDA:301,38,0,0
BRDA:301,38,1,0
BRDA:313,39,0,0
BRDA:313,39,1,0
BRF:74
BRH:0
end_of_record
TN:
SF:services/agent-api/src/agents/filter.js
FN:5,runRelevanceFilter
FN:9,(anonymous_1)
FNF:2
FNH:0
FNDA:0,runRelevanceFilter
FNDA:0,(anonymous_1)
DA:3,0
DA:6,0
DA:11,0
DA:12,0
DA:15,0
DA:18,0
DA:28,0
DA:29,0
DA:31,0
LF:9
LH:0
BRDA:15,0,0,0
BRDA:15,0,1,0
BRF:2
BRH:0
end_of_record
TN:
SF:services/agent-api/src/agents/summarize.js
FN:116,loadWritingRules
FN:126,(anonymous_1)
FN:134,(anonymous_2)
FN:138,runSummarizer
FN:144,(anonymous_4)
FN:181,(anonymous_5)
FN:185,(anonymous_6)
FNF:7
FNH:0
FNDA:0,loadWritingRules
FNDA:0,(anonymous_1)
FNDA:0,(anonymous_2)
FNDA:0,runSummarizer
FNDA:0,(anonymous_4)
FNDA:0,(anonymous_5)
FNDA:0,(anonymous_6)
DA:7,0
DA:9,0
DA:15,0
DA:117,0
DA:123,0
DA:126,0
DA:127,0
DA:128,0
DA:129,0
DA:133,0
DA:134,0
DA:139,0
DA:145,0
DA:146,0
DA:149,0
DA:152,0
DA:155,0
DA:161,0
DA:174,0
DA:175,0
DA:178,0
DA:181,0
DA:185,0
LF:23
LH:0
BRDA:10,0,0,0
BRDA:10,0,1,0
BRDA:123,1,0,0
BRDA:123,1,1,0
BRDA:127,2,0,0
BRDA:127,2,1,0
BRDA:152,3,0,0
BRDA:152,3,1,0
BRDA:152,3,2,0
BRDA:167,4,0,0
BRDA:167,4,1,0
BRDA:181,5,0,0
BRDA:181,5,1,0
BRF:13
BRH:0
end_of_record
TN:
SF:services/agent-api/src/agents/tag.js
FN:58,loadTaxonomies
FN:71,(anonymous_1)
FN:71,(anonymous_2)
FN:84,runTagger
FN:93,(anonymous_4)
FNF:5
FNH:0
FNDA:0,loadTaxonomies
FNDA:0,(anonymous_1)
FNDA:0,(anonymous_2)
FNDA:0,runTagger
FNDA:0,(anonymous_4)
DA:7,0
DA:8,0
DA:21,0
DA:61,0
DA:71,0
DA:73,0
DA:86,0
DA:88,0
DA:94,0
DA:95,0
DA:97,0
DA:128,0
DA:138,0
DA:139,0
DA:141,0
LF:15
LH:0
BRDA:71,0,0,0
BRDA:71,0,1,0
BRDA:98,1,0,0
BRDA:98,1,1,0
BRDA:98,1,2,0
BRDA:99,2,0,0
BRDA:99,2,1,0
BRF:7
BRH:0
end_of_record
TN:
SF:services/agent-api/src/agents/thumbnail.js
FN:6,runThumbnailer
FN:12,(anonymous_1)
FN:73,(anonymous_2)
FN:74,(anonymous_3)
FN:77,(anonymous_4)
FN:79,(anonymous_5)
FN:80,(anonymous_6)
FN:93,(anonymous_7)
FNF:8
FNH:0
FNDA:0,runThumbnailer
FNDA:0,(anonymous_1)
FNDA:0,(anonymous_2)
FNDA:0,(anonymous_3)
FNDA:0,(anonymous_4)
FNDA:0,(anonymous_5)
FNDA:0,(anonymous_6)
FNDA:0,(anonymous_7)
DA:4,0
DA:7,0
DA:13,0
DA:14,0
DA:16,0
DA:21,0
DA:22,0
DA:23,0
DA:25,0
DA:28,0
DA:30,0
DA:31,0
DA:34,0
DA:36,0
DA:37,0
DA:45,0
DA:47,0
DA:48,0
DA:51,0
DA:52,0
DA:59,0
DA:62,0
DA:63,0
DA:64,0
DA:65,0
DA:66,0
DA:68,0
DA:69,0
DA:73,0
DA:74,0
DA:76,0
DA:77,0
DA:79,0
DA:80,0
DA:83,0
DA:93,0
DA:96,0
DA:98,0
DA:99,0
DA:100,0
DA:102,0
DA:103,0
DA:107,0
DA:108,0
DA:109,0
DA:111,0
DA:112,0
DA:119,0
DA:123,0
DA:125,0
DA:127,0
DA:128,0
DA:134,0
DA:135,0
DA:138,0
LF:55
LH:0
BRDA:30,0,0,0
BRDA:30,0,1,0
BRDA:31,1,0,0
BRDA:31,1,1,0
BRDA:119,2,0,0
BRDA:119,2,1,0
BRF:6
BRH:0
end_of_record
TN:
SF:services/agent-api/src/lib/evals.js
FN:20,getOpenAI
FN:31,runGoldenEval
FN:140,runLLMJudgeEval
FN:201,(anonymous_3)
FN:224,runABTest
FN:300,compareOutputs
FN:323,judgeWithLLM
FN:347,compareWithLLM
FN:371,addGoldenExample
FN:389,getEvalHistory
FNF:10
FNH:0
FNDA:0,getOpenAI
FNDA:0,runGoldenEval
FNDA:0,runLLMJudgeEval
FNDA:0,(anonymous_3)
FNDA:0,runABTest
FNDA:0,compareOutputs
FNDA:0,judgeWithLLM
FNDA:0,compareWithLLM
FNDA:0,addGoldenExample
FNDA:0,getEvalHistory
DA:14,0
DA:19,0
DA:21,0
DA:22,0
DA:24,0
DA:32,0
DA:34,0
DA:37,0
DA:39,0
DA:40,0
DA:43,0
DA:45,0
DA:46,0
DA:47,0
DA:48,0
DA:51,0
DA:54,0
DA:62,0
DA:74,0
DA:75,0
DA:76,0
DA:78,0
DA:79,0
DA:81,0
DA:84,0
DA:86,0
DA:87,0
DA:88,0
DA:90,0
DA:91,0
DA:95,0
DA:104,0
DA:112,0
DA:113,0
DA:118,0
DA:119,0
DA:131,0
DA:133,0
DA:141,0
DA:143,0
DA:144,0
DA:145,0
DA:147,0
DA:155,0
DA:167,0
DA:168,0
DA:170,0
DA:171,0
DA:173,0
DA:176,0
DA:178,0
DA:180,0
DA:184,0
DA:194,0
DA:196,0
DA:200,0
DA:201,0
DA:203,0
DA:215,0
DA:217,0
DA:225,0
DA:227,0
DA:228,0
DA:229,0
DA:232,0
DA:245,0
DA:246,0
DA:247,0
DA:248,0
DA:250,0
DA:251,0
DA:253,0
DA:256,0
DA:258,0
DA:259,0
DA:260,0
DA:262,0
DA:266,0
DA:276,0
DA:278,0
DA:282,0
DA:294,0
DA:296,0
DA:301,0
DA:303,0
DA:304,0
DA:306,0
DA:307,0
DA:308,0
DA:309,0
DA:313,0
DA:314,0
DA:318,0
DA:319,0
DA:324,0
DA:326,0
DA:343,0
DA:348,0
DA:350,0
DA:367,0
DA:372,0
DA:384,0
DA:385,0
DA:390,0
DA:397,0
DA:398,0
LF:106
LH:0
BRDA:15,0,0,0
BRDA:15,0,1,0
BRDA:21,1,0,0
BRDA:21,1,1,0
BRDA:31,2,0,0
BRDA:32,3,0,0
BRDA:39,4,0,0
BRDA:39,4,1,0
BRDA:45,5,0,0
BRDA:45,5,1,0
BRDA:46,6,0,0
BRDA:46,6,1,0
BRDA:66,7,0,0
BRDA:66,7,1,0
BRDA:86,8,0,0
BRDA:86,8,1,0
BRDA:140,9,0,0
BRDA:141,10,0,0
BRDA:141,11,0,0
BRDA:159,12,0,0
BRDA:159,12,1,0
BRDA:224,13,0,0
BRDA:225,14,0,0
BRDA:258,15,0,0
BRDA:258,15,1,0
BRDA:259,16,0,0
BRDA:259,16,1,0
BRDA:301,17,0,0
BRDA:301,17,1,0
BRDA:301,18,0,0
BRDA:301,18,1,0
BRDA:308,19,0,0
BRDA:308,19,1,0
BRDA:313,20,0,0
BRDA:313,20,1,0
BRDA:319,21,0,0
BRDA:319,21,1,0
BRDA:371,22,0,0
BRDA:384,23,0,0
BRDA:384,23,1,0
BRDA:389,24,0,0
BRDA:397,25,0,0
BRDA:397,25,1,0
BRF:43
BRH:0
end_of_record
TN:
SF:services/agent-api/src/lib/runner.js
FN:9,getOpenAI
FN:20,(anonymous_1)
FN:27,(anonymous_2)
FN:37,(anonymous_3)
FN:67,(anonymous_4)
FN:85,(anonymous_5)
FN:104,(anonymous_6)
FN:120,(anonymous_7)
FN:163,(anonymous_8)
FN:164,(anonymous_9)
FN:165,(anonymous_10)
FN:166,(anonymous_11)
FNF:12
FNH:0
FNDA:0,getOpenAI
FNDA:0,(anonymous_1)
FNDA:0,(anonymous_2)
FNDA:0,(anonymous_3)
FNDA:0,(anonymous_4)
FNDA:0,(anonymous_5)
FNDA:0,(anonymous_6)
FNDA:0,(anonymous_7)
FNDA:0,(anonymous_8)
FNDA:0,(anonymous_9)
FNDA:0,(anonymous_10)
FNDA:0,(anonymous_11)
DA:6,0
DA:7,0
DA:10,0
DA:11,0
DA:12,0
DA:14,0
DA:16,0
DA:21,0
DA:22,0
DA:23,0
DA:24,0
DA:28,0
DA:38,0
DA:40,0
DA:41,0
DA:54,0
DA:55,0
DA:56,0
DA:59,0
DA:68,0
DA:70,0
DA:86,0
DA:88,0
DA:105,0
DA:107,0
DA:121,0
DA:122,0
DA:125,0
DA:132,0
DA:133,0
DA:137,0
DA:152,0
DA:154,0
DA:155,0
DA:157,0
DA:159,0
DA:163,0
DA:164,0
DA:165,0
DA:166,0
DA:170,0
DA:171,0
DA:172,0
DA:183,0
DA:184,0
DA:185,0
DA:186,0
DA:190,0
DA:191,0
DA:194,0
DA:195,0
DA:197,0
DA:198,0
DA:209,0
LF:54
LH:0
BRDA:10,0,0,0
BRDA:10,0,1,0
BRDA:11,1,0,0
BRDA:11,1,1,0
BRDA:37,2,0,0
BRDA:38,3,0,0
BRDA:38,3,1,0
BRDA:54,4,0,0
BRDA:54,4,1,0
BRDA:67,5,0,0
BRDA:68,6,0,0
BRDA:68,6,1,0
BRDA:86,7,0,0
BRDA:86,7,1,0
BRDA:104,8,0,0
BRDA:105,9,0,0
BRDA:105,9,1,0
BRDA:132,10,0,0
BRDA:132,10,1,0
BRDA:132,11,0,0
BRDA:132,11,1,0
BRDA:145,12,0,0
BRDA:145,12,1,0
BRDA:146,13,0,0
BRDA:146,13,1,0
BRDA:152,14,0,0
BRDA:152,14,1,0
BRDA:171,15,0,0
BRDA:171,15,1,0
BRDA:183,16,0,0
BRDA:183,16,1,0
BRDA:197,17,0,0
BRDA:197,17,1,0
BRF:33
BRH:0
end_of_record
TN:
SF:services/agent-api/src/lib/scrapers.js
FN:3,scrapeWebsite
FN:27,(anonymous_1)
FN:28,(anonymous_2)
FN:38,(anonymous_3)
FN:42,(anonymous_4)
FN:44,(anonymous_5)
FN:49,(anonymous_6)
FNF:7
FNH:0
FNDA:0,scrapeWebsite
FNDA:0,(anonymous_1)
FNDA:0,(anonymous_2)
FNDA:0,(anonymous_3)
FNDA:0,(anonymous_4)
FNDA:0,(anonymous_5)
FNDA:0,(anonymous_6)
DA:4,0
DA:7,0
DA:16,0
DA:24,0
DA:27,0
DA:28,0
DA:31,0
DA:32,0
DA:38,0
DA:40,0
DA:43,0
DA:44,0
DA:49,0
DA:54,0
DA:56,0
DA:58,0
LF:16
LH:0
BRDA:4,0,0,0
BRDA:4,0,1,0
BRDA:49,1,0,0
BRDA:49,1,1,0
BRF:4
BRH:0
end_of_record
TN:
SF:services/agent-api/src/routes/agents.js
FN:15,(anonymous_0)
FN:55,(anonymous_1)
FN:100,(anonymous_2)
FN:145,(anonymous_3)
FN:157,(anonymous_4)
FN:204,(anonymous_5)
FN:218,(anonymous_6)
FNF:7
FNH:0
FNDA:0,(anonymous_0)
FNDA:0,(anonymous_1)
FNDA:0,(anonymous_2)
FNDA:0,(anonymous_3)
FNDA:0,(anonymous_4)
FNDA:0,(anonymous_5)
FNDA:0,(anonymous_6)
DA:11,0
DA:12,0
DA:15,0
DA:16,0
DA:17,0
DA:18,0
DA:20,0
DA:21,0
DA:23,0
DA:25,0
DA:26,0
DA:28,0
DA:29,0
DA:31,0
DA:34,0
DA:36,0
DA:44,0
DA:47,0
DA:49,0
DA:50,0
DA:55,0
DA:56,0
DA:57,0
DA:58,0
DA:61,0
DA:62,0
DA:64,0
DA:66,0
DA:67,0
DA:69,0
DA:70,0
DA:73,0
DA:75,0
DA:89,0
DA:92,0
DA:94,0
DA:95,0
DA:100,0
DA:101,0
DA:102,0
DA:103,0
DA:105,0
DA:106,0
DA:108,0
DA:110,0
DA:111,0
DA:113,0
DA:114,0
DA:115,0
DA:117,0
DA:134,0
DA:137,0
DA:139,0
DA:140,0
DA:145,0
DA:146,0
DA:147,0
DA:148,0
DA:149,0
DA:151,0
DA:152,0
DA:157,0
DA:158,0
DA:159,0
DA:160,0
DA:162,0
DA:163,0
DA:165,0
DA:167,0
DA:168,0
DA:170,0
DA:171,0
DA:173,0
DA:176,0
DA:177,0
DA:180,0
DA:182,0
DA:193,0
DA:196,0
DA:198,0
DA:199,0
DA:204,0
DA:205,0
DA:206,0
DA:208,0
DA:210,0
DA:212,0
DA:213,0
DA:218,0
DA:219,0
DA:220,0
DA:222,0
DA:223,0
DA:227,0
DA:233,0
DA:234,0
DA:238,0
DA:240,0
DA:242,0
DA:243,0
LF:100
LH:0
BRDA:17,0,0,0
BRDA:20,1,0,0
BRDA:20,1,1,0
BRDA:25,2,0,0
BRDA:25,2,1,0
BRDA:26,3,0,0
BRDA:26,3,1,0
BRDA:34,4,0,0
BRDA:34,4,1,0
BRDA:40,5,0,0
BRDA:40,5,1,0
BRDA:57,6,0,0
BRDA:61,7,0,0
BRDA:61,7,1,0
BRDA:66,8,0,0
BRDA:66,8,1,0
BRDA:67,9,0,0
BRDA:67,9,1,0
BRDA:102,10,0,0
BRDA:105,11,0,0
BRDA:105,11,1,0
BRDA:110,12,0,0
BRDA:110,12,1,0
BRDA:111,13,0,0
BRDA:111,13,1,0
BRDA:159,14,0,0
BRDA:162,15,0,0
BRDA:162,15,1,0
BRDA:167,16,0,0
BRDA:167,16,1,0
BRDA:168,17,0,0
BRDA:168,17,1,0
BRDA:173,18,0,0
BRDA:173,18,1,0
BRDA:173,19,0,0
BRDA:173,19,1,0
BRDA:176,20,0,0
BRDA:176,20,1,0
BRDA:176,21,0,0
BRDA:176,21,1,0
BRDA:176,21,2,0
BRDA:206,22,0,0
BRDA:206,23,0,0
BRDA:220,24,0,0
BRDA:222,25,0,0
BRDA:222,25,1,0
BRDA:233,26,0,0
BRDA:233,26,1,0
BRDA:233,27,0,0
BRDA:233,27,1,0
BRF:50
BRH:0
end_of_record
TN:
SF:src/features/publications/publication-filters.ts
FN:2,getDefaultRole
FN:8,initPublicationFilters
FN:30,(anonymous_2)
FN:54,(anonymous_3)
FN:75,(anonymous_4)
FN:83,(anonymous_5)
FN:92,getVals
FN:94,(anonymous_7)
FN:101,setVals
FN:102,(anonymous_9)
FN:108,updateQuery
FN:122,renderChipsSummary
FN:128,(anonymous_12)
FN:131,(anonymous_13)
FN:137,(anonymous_14)
FN:151,updatePaginationUI
FN:172,readFromQuery
FN:179,(anonymous_17)
FN:222,apply
FN:228,(anonymous_19)
FN:235,(anonymous_20)
FN:256,(anonymous_21)
FN:257,(anonymous_22)
FN:260,(anonymous_23)
FN:267,(anonymous_24)
FN:276,(anonymous_25)
FN:295,(anonymous_26)
FN:296,(anonymous_27)
FN:312,(anonymous_28)
FN:314,(anonymous_29)
FN:320,(anonymous_30)
FN:321,(anonymous_31)
FN:331,(anonymous_32)
FN:350,(anonymous_33)
FN:355,(anonymous_34)
FN:389,(anonymous_35)
FN:400,(anonymous_36)
FN:409,(anonymous_37)
FN:419,(anonymous_38)
FN:420,(anonymous_39)
FN:428,(anonymous_40)
FN:436,(anonymous_41)
FN:447,(anonymous_42)
FN:453,(anonymous_43)
FN:468,(anonymous_44)
FN:483,(anonymous_45)
FN:490,(anonymous_46)
FN:501,toggleAdvancedFilters
FNF:48
FNH:0
FNDA:0,getDefaultRole
FNDA:0,initPublicationFilters
FNDA:0,(anonymous_2)
FNDA:0,(anonymous_3)
FNDA:0,(anonymous_4)
FNDA:0,(anonymous_5)
FNDA:0,getVals
FNDA:0,(anonymous_7)
FNDA:0,setVals
FNDA:0,(anonymous_9)
FNDA:0,updateQuery
FNDA:0,renderChipsSummary
FNDA:0,(anonymous_12)
FNDA:0,(anonymous_13)
FNDA:0,(anonymous_14)
FNDA:0,updatePaginationUI
FNDA:0,readFromQuery
FNDA:0,(anonymous_17)
FNDA:0,apply
FNDA:0,(anonymous_19)
FNDA:0,(anonymous_20)
FNDA:0,(anonymous_21)
FNDA:0,(anonymous_22)
FNDA:0,(anonymous_23)
FNDA:0,(anonymous_24)
FNDA:0,(anonymous_25)
FNDA:0,(anonymous_26)
FNDA:0,(anonymous_27)
FNDA:0,(anonymous_28)
FNDA:0,(anonymous_29)
FNDA:0,(anonymous_30)
FNDA:0,(anonymous_31)
FNDA:0,(anonymous_32)
FNDA:0,(anonymous_33)
FNDA:0,(anonymous_34)
FNDA:0,(anonymous_35)
FNDA:0,(anonymous_36)
FNDA:0,(anonymous_37)
FNDA:0,(anonymous_38)
FNDA:0,(anonymous_39)
FNDA:0,(anonymous_40)
FNDA:0,(anonymous_41)
FNDA:0,(anonymous_42)
FNDA:0,(anonymous_43)
FNDA:0,(anonymous_44)
FNDA:0,(anonymous_45)
FNDA:0,(anonymous_46)
FNDA:0,toggleAdvancedFilters
DA:3,0
DA:4,0
DA:5,0
DA:9,0
DA:10,0
DA:11,0
DA:12,0
DA:13,0
DA:14,0
DA:15,0
DA:16,0
DA:17,0
DA:18,0
DA:20,0
DA:21,0
DA:22,0
DA:24,0
DA:26,0
DA:30,0
DA:35,0
DA:36,0
DA:37,0
DA:52,0
DA:54,0
DA:55,0
DA:56,0
DA:57,0
DA:58,0
DA:75,0
DA:76,0
DA:79,0
DA:82,0
DA:83,0
DA:84,0
DA:85,0
DA:86,0
DA:93,0
DA:94,0
DA:95,0
DA:97,0
DA:98,0
DA:102,0
DA:103,0
DA:105,0
DA:109,0
DA:111,0
DA:112,0
DA:114,0
DA:115,0
DA:117,0
DA:118,0
DA:119,0
DA:123,0
DA:125,0
DA:127,0
DA:128,0
DA:131,0
DA:132,0
DA:133,0
DA:135,0
DA:136,0
DA:137,0
DA:138,0
DA:139,0
DA:140,0
DA:141,0
DA:142,0
DA:144,0
DA:147,0
DA:148,0
DA:152,0
DA:154,0
DA:156,0
DA:157,0
DA:158,0
DA:161,0
DA:162,0
DA:164,0
DA:165,0
DA:166,0
DA:168,0
DA:173,0
DA:175,0
DA:179,0
DA:180,0
DA:183,0
DA:184,0
DA:185,0
DA:186,0
DA:187,0
DA:191,0
DA:193,0
DA:194,0
DA:195,0
DA:196,0
DA:198,0
DA:199,0
DA:201,0
DA:203,0
DA:204,0
DA:205,0
DA:206,0
DA:207,0
DA:209,0
DA:214,0
DA:215,0
DA:218,0
DA:219,0
DA:223,0
DA:224,0
DA:227,0
DA:228,0
DA:230,0
DA:231,0
DA:232,0
DA:234,0
DA:235,0
DA:236,0
DA:238,0
DA:241,0
DA:242,0
DA:243,0
DA:255,0
DA:256,0
DA:257,0
DA:259,0
DA:260,0
DA:261,0
DA:267,0
DA:271,0
DA:272,0
DA:273,0
DA:274,0
DA:276,0
DA:277,0
DA:278,0
DA:279,0
DA:282,0
DA:283,0
DA:285,0
DA:286,0
DA:288,0
DA:291,0
DA:292,0
DA:293,0
DA:295,0
DA:296,0
DA:297,0
DA:299,0
DA:300,0
DA:301,0
DA:302,0
DA:303,0
DA:307,0
DA:308,0
DA:312,0
DA:314,0
DA:315,0
DA:316,0
DA:320,0
DA:321,0
DA:322,0
DA:323,0
DA:324,0
DA:326,0
DA:327,0
DA:331,0
DA:332,0
DA:341,0
DA:342,0
DA:343,0
DA:346,0
DA:347,0
DA:350,0
DA:351,0
DA:352,0
DA:354,0
DA:355,0
DA:357,0
DA:358,0
DA:359,0
DA:364,0
DA:365,0
DA:366,0
DA:367,0
DA:368,0
DA:370,0
DA:371,0
DA:380,0
DA:389,0
DA:390,0
DA:400,0
DA:401,0
DA:402,0
DA:403,0
DA:404,0
DA:405,0
DA:406,0
DA:409,0
DA:410,0
DA:411,0
DA:412,0
DA:413,0
DA:414,0
DA:415,0
DA:416,0
DA:419,0
DA:420,0
DA:421,0
DA:422,0
DA:424,0
DA:425,0
DA:428,0
DA:429,0
DA:430,0
DA:431,0
DA:432,0
DA:433,0
DA:436,0
DA:437,0
DA:438,0
DA:439,0
DA:440,0
DA:443,0
DA:444,0
DA:445,0
DA:447,0
DA:448,0
DA:449,0
DA:453,0
DA:454,0
DA:462,0
DA:463,0
DA:464,0
DA:465,0
DA:468,0
DA:469,0
DA:477,0
DA:478,0
DA:479,0
DA:480,0
DA:483,0
DA:484,0
DA:485,0
DA:486,0
DA:487,0
DA:488,0
DA:489,0
DA:490,0
DA:494,0
DA:497,0
DA:498,0
DA:499,0
DA:502,0
DA:504,0
DA:505,0
DA:506,0
DA:508,0
DA:509,0
DA:510,0
DA:511,0
DA:512,0
DA:514,0
DA:515,0
DA:516,0
DA:517,0
DA:520,0
DA:521,0
DA:525,0
DA:526,0
DA:527,0
DA:528,0
DA:529,0
DA:530,0
DA:531,0
DA:532,0
DA:536,0
LF:277
LH:0
BRDA:3,0,0,0
BRDA:3,0,1,0
BRDA:3,1,0,0
BRDA:3,1,1,0
BRDA:4,2,0,0
BRDA:4,2,1,0
BRDA:24,3,0,0
BRDA:24,3,1,0
BRDA:35,4,0,0
BRDA:35,4,1,0
BRDA:56,5,0,0
BRDA:56,5,1,0
BRDA:57,6,0,0
BRDA:57,6,1,0
BRDA:60,7,0,0
BRDA:60,7,1,0
BRDA:61,8,0,0
BRDA:61,8,1,0
BRDA:62,9,0,0
BRDA:62,9,1,0
BRDA:63,10,0,0
BRDA:63,10,1,0
BRDA:63,10,2,0
BRDA:65,11,0,0
BRDA:65,11,1,0
BRDA:66,12,0,0
BRDA:66,12,1,0
BRDA:67,13,0,0
BRDA:67,13,1,0
BRDA:68,14,0,0
BRDA:68,14,1,0
BRDA:69,15,0,0
BRDA:69,15,1,0
BRDA:76,16,0,0
BRDA:76,16,1,0
BRDA:86,17,0,0
BRDA:86,17,1,0
BRDA:95,18,0,0
BRDA:95,18,1,0
BRDA:97,19,0,0
BRDA:97,19,1,0
BRDA:103,20,0,0
BRDA:103,20,1,0
BRDA:105,21,0,0
BRDA:105,21,1,0
BRDA:105,22,0,0
BRDA:105,22,1,0
BRDA:112,23,0,0
BRDA:112,23,1,0
BRDA:112,24,0,0
BRDA:112,24,1,0
BRDA:114,25,0,0
BRDA:114,25,1,0
BRDA:115,26,0,0
BRDA:115,26,1,0
BRDA:118,27,0,0
BRDA:118,27,1,0
BRDA:123,28,0,0
BRDA:123,28,1,0
BRDA:128,29,0,0
BRDA:128,29,1,0
BRDA:128,29,2,0
BRDA:147,30,0,0
BRDA:147,30,1,0
BRDA:148,31,0,0
BRDA:148,31,1,0
BRDA:152,32,0,0
BRDA:152,32,1,0
BRDA:152,33,0,0
BRDA:152,33,1,0
BRDA:152,33,2,0
BRDA:156,34,0,0
BRDA:156,34,1,0
BRDA:164,35,0,0
BRDA:164,35,1,0
BRDA:176,36,0,0
BRDA:176,36,1,0
BRDA:180,37,0,0
BRDA:180,37,1,0
BRDA:184,38,0,0
BRDA:184,38,1,0
BRDA:186,39,0,0
BRDA:186,39,1,0
BRDA:186,40,0,0
BRDA:186,40,1,0
BRDA:193,41,0,0
BRDA:193,41,1,0
BRDA:198,42,0,0
BRDA:198,42,1,0
BRDA:203,43,0,0
BRDA:203,43,1,0
BRDA:204,44,0,0
BRDA:204,44,1,0
BRDA:205,45,0,0
BRDA:205,45,1,0
BRDA:206,46,0,0
BRDA:206,46,1,0
BRDA:207,47,0,0
BRDA:207,47,1,0
BRDA:214,48,0,0
BRDA:214,48,1,0
BRDA:222,49,0,0
BRDA:222,50,0,0
BRDA:223,51,0,0
BRDA:223,51,1,0
BRDA:232,52,0,0
BRDA:232,52,1,0
BRDA:232,53,0,0
BRDA:232,53,1,0
BRDA:236,54,0,0
BRDA:236,54,1,0
BRDA:241,55,0,0
BRDA:241,55,1,0
BRDA:242,56,0,0
BRDA:242,56,1,0
BRDA:261,57,0,0
BRDA:261,57,1,0
BRDA:261,57,2,0
BRDA:261,57,3,0
BRDA:261,57,4,0
BRDA:279,58,0,0
BRDA:279,58,1,0
BRDA:282,59,0,0
BRDA:282,59,1,0
BRDA:283,60,0,0
BRDA:283,60,1,0
BRDA:283,61,0,0
BRDA:283,61,1,0
BRDA:301,62,0,0
BRDA:301,62,1,0
BRDA:302,63,0,0
BRDA:302,63,1,0
BRDA:315,64,0,0
BRDA:315,64,1,0
BRDA:358,65,0,0
BRDA:358,65,1,0
BRDA:370,66,0,0
BRDA:370,66,1,0
BRDA:370,67,0,0
BRDA:370,67,1,0
BRDA:391,68,0,0
BRDA:391,68,1,0
BRDA:392,69,0,0
BRDA:392,69,1,0
BRDA:393,70,0,0
BRDA:393,70,1,0
BRDA:394,71,0,0
BRDA:394,71,1,0
BRDA:395,72,0,0
BRDA:395,72,1,0
BRDA:396,73,0,0
BRDA:396,73,1,0
BRDA:401,74,0,0
BRDA:401,74,1,0
BRDA:401,75,0,0
BRDA:401,75,1,0
BRDA:402,76,0,0
BRDA:402,76,1,0
BRDA:402,77,0,0
BRDA:402,77,1,0
BRDA:403,78,0,0
BRDA:403,78,1,0
BRDA:403,79,0,0
BRDA:403,79,1,0
BRDA:404,80,0,0
BRDA:404,80,1,0
BRDA:404,81,0,0
BRDA:404,81,1,0
BRDA:405,82,0,0
BRDA:405,82,1,0
BRDA:405,83,0,0
BRDA:405,83,1,0
BRDA:406,84,0,0
BRDA:406,84,1,0
BRDA:406,85,0,0
BRDA:406,85,1,0
BRDA:411,86,0,0
BRDA:411,86,1,0
BRDA:412,87,0,0
BRDA:412,87,1,0
BRDA:413,88,0,0
BRDA:413,88,1,0
BRDA:414,89,0,0
BRDA:414,89,1,0
BRDA:415,90,0,0
BRDA:415,90,1,0
BRDA:416,91,0,0
BRDA:416,91,1,0
BRDA:422,92,0,0
BRDA:422,92,1,0
BRDA:424,93,0,0
BRDA:424,93,1,0
BRDA:448,94,0,0
BRDA:448,94,1,0
BRDA:448,95,0,0
BRDA:448,95,1,0
BRDA:470,96,0,0
BRDA:470,96,1,0
BRDA:471,97,0,0
BRDA:471,97,1,0
BRDA:472,98,0,0
BRDA:472,98,1,0
BRDA:473,99,0,0
BRDA:473,99,1,0
BRDA:474,100,0,0
BRDA:474,100,1,0
BRDA:475,101,0,0
BRDA:475,101,1,0
BRDA:489,102,0,0
BRDA:489,102,1,0
BRDA:502,103,0,0
BRDA:502,103,1,0
BRDA:502,104,0,0
BRDA:502,104,1,0
BRDA:502,104,2,0
BRDA:508,105,0,0
BRDA:508,105,1,0
BRDA:512,106,0,0
BRDA:512,106,1,0
BRDA:517,107,0,0
BRDA:517,107,1,0
BRDA:527,108,0,0
BRDA:527,108,1,0
BRDA:527,109,0,0
BRDA:527,109,1,0
BRDA:527,109,2,0
BRDA:527,109,3,0
BRDA:532,110,0,0
BRDA:532,110,1,0
BRF:229
BRH:0
end_of_record
TN:
SF:src/features/publications/publication-modal.ts
FN:1,nextSrc
FN:15,extractCardData
FN:37,renderTags
FN:48,getImageCandidates
FN:54,setupModalImage
FN:69,(anonymous_5)
FN:75,openModalFrom
FN:110,(anonymous_7)
FN:120,closeModal
FN:131,initPublicationModal
FN:137,(anonymous_10)
FN:141,bindCard
FN:142,(anonymous_12)
FN:148,(anonymous_13)
FN:156,bindButton
FN:157,(anonymous_15)
FN:165,(anonymous_16)
FN:166,(anonymous_17)
FN:168,handleAddedNode
FN:172,(anonymous_19)
FN:175,(anonymous_20)
FN:178,(anonymous_21)
FNF:22
FNH:0
FNDA:0,nextSrc
FNDA:0,extractCardData
FNDA:0,renderTags
FNDA:0,getImageCandidates
FNDA:0,setupModalImage
FNDA:0,(anonymous_5)
FNDA:0,openModalFrom
FNDA:0,(anonymous_7)
FNDA:0,closeModal
FNDA:0,initPublicationModal
FNDA:0,(anonymous_10)
FNDA:0,bindCard
FNDA:0,(anonymous_12)
FNDA:0,(anonymous_13)
FNDA:0,bindButton
FNDA:0,(anonymous_15)
FNDA:0,(anonymous_16)
FNDA:0,(anonymous_17)
FNDA:0,handleAddedNode
FNDA:0,(anonymous_19)
FNDA:0,(anonymous_20)
FNDA:0,(anonymous_21)
DA:2,0
DA:3,0
DA:4,0
DA:5,0
DA:6,0
DA:7,0
DA:12,0
DA:13,0
DA:16,0
DA:38,0
DA:39,0
DA:40,0
DA:41,0
DA:43,0
DA:44,0
DA:49,0
DA:50,0
DA:51,0
DA:59,0
DA:61,0
DA:62,0
DA:63,0
DA:64,0
DA:65,0
DA:66,0
DA:69,0
DA:70,0
DA:71,0
DA:76,0
DA:77,0
DA:78,0
DA:80,0
DA:81,0
DA:82,0
DA:84,0
DA:85,0
DA:87,0
DA:88,0
DA:89,0
DA:90,0
DA:93,0
DA:94,0
DA:96,0
DA:97,0
DA:99,0
DA:100,0
DA:102,0
DA:103,0
DA:105,0
DA:107,0
DA:108,0
DA:110,0
DA:111,0
DA:112,0
DA:113,0
DA:117,0
DA:121,0
DA:122,0
DA:124,0
DA:125,0
DA:127,0
DA:128,0
DA:132,0
DA:134,0
DA:135,0
DA:137,0
DA:138,0
DA:142,0
DA:143,0
DA:144,0
DA:145,0
DA:148,0
DA:149,0
DA:150,0
DA:151,0
DA:157,0
DA:158,0
DA:159,0
DA:160,0
DA:161,0
DA:165,0
DA:166,0
DA:169,0
DA:171,0
DA:172,0
DA:174,0
DA:175,0
DA:178,0
DA:179,0
DA:180,0
DA:184,0
LF:91
LH:0
BRDA:2,0,0,0
BRDA:2,0,1,0
BRDA:3,1,0,0
BRDA:3,1,1,0
BRDA:7,2,0,0
BRDA:7,2,1,0
BRDA:17,3,0,0
BRDA:17,3,1,0
BRDA:18,4,0,0
BRDA:18,4,1,0
BRDA:20,5,0,0
BRDA:20,5,1,0
BRDA:20,5,2,0
BRDA:23,6,0,0
BRDA:23,6,1,0
BRDA:24,7,0,0
BRDA:24,7,1,0
BRDA:25,8,0,0
BRDA:25,8,1,0
BRDA:28,9,0,0
BRDA:28,9,1,0
BRDA:29,10,0,0
BRDA:29,10,1,0
BRDA:30,11,0,0
BRDA:30,11,1,0
BRDA:31,12,0,0
BRDA:31,12,1,0
BRDA:32,13,0,0
BRDA:32,13,1,0
BRDA:49,14,0,0
BRDA:49,14,1,0
BRDA:50,15,0,0
BRDA:50,15,1,0
BRDA:61,16,0,0
BRDA:61,16,1,0
BRDA:64,17,0,0
BRDA:64,17,1,0
BRDA:65,18,0,0
BRDA:65,18,1,0
BRDA:66,19,0,0
BRDA:66,19,1,0
BRDA:71,20,0,0
BRDA:71,20,1,0
BRDA:78,21,0,0
BRDA:78,21,1,0
BRDA:85,22,0,0
BRDA:85,22,1,0
BRDA:88,23,0,0
BRDA:88,23,1,0
BRDA:90,24,0,0
BRDA:90,24,1,0
BRDA:94,25,0,0
BRDA:94,25,1,0
BRDA:97,26,0,0
BRDA:97,26,1,0
BRDA:100,27,0,0
BRDA:100,27,1,0
BRDA:100,28,0,0
BRDA:100,28,1,0
BRDA:103,29,0,0
BRDA:103,29,1,0
BRDA:111,30,0,0
BRDA:111,30,1,0
BRDA:122,31,0,0
BRDA:122,31,1,0
BRDA:127,32,0,0
BRDA:127,32,1,0
BRDA:128,33,0,0
BRDA:128,33,1,0
BRDA:128,34,0,0
BRDA:128,34,1,0
BRDA:138,35,0,0
BRDA:138,35,1,0
BRDA:143,36,0,0
BRDA:143,36,1,0
BRDA:144,37,0,0
BRDA:144,37,1,0
BRDA:149,38,0,0
BRDA:149,38,1,0
BRDA:149,39,0,0
BRDA:149,39,1,0
BRDA:169,40,0,0
BRDA:169,40,1,0
BRDA:171,41,0,0
BRDA:171,41,1,0
BRDA:174,42,0,0
BRDA:174,42,1,0
BRF:87
BRH:0
end_of_record
TN:
SF:src/lib/fmt.ts
FN:3,fmt
FN:10,withLabel
FNF:2
FNH:2
FNDA:5,fmt
FNDA:3,withLabel
DA:4,5
DA:5,3
DA:6,3
DA:7,2
DA:11,3
DA:12,1
LF:6
LH:6
BRDA:4,0,0,2
BRDA:4,0,1,3
BRDA:6,1,0,1
BRDA:6,1,1,2
BRDA:11,2,0,2
BRDA:11,2,1,1
BRF:6
BRH:6
end_of_record
TN:
SF:src/lib/media.ts
FN:3,isHttpUrl
FN:14,expandItemThumb
FN:37,findLocalThumbs
FN:52,buildImageCandidates
FNF:4
FNH:0
FNDA:0,isHttpUrl
FNDA:0,expandItemThumb
FNDA:0,findLocalThumbs
FNDA:0,buildImageCandidates
DA:4,0
DA:15,0
DA:18,0
DA:19,0
DA:23,0
DA:24,0
DA:28,0
DA:39,0
DA:53,0
DA:54,0
DA:55,0
DA:56,0
DA:59,0
LF:13
LH:0
BRDA:4,0,0,0
BRDA:4,0,1,0
BRDA:15,1,0,0
BRDA:15,1,1,0
BRDA:18,2,0,0
BRDA:18,2,1,0
BRDA:23,3,0,0
BRDA:23,3,1,0
BRF:8
BRH:0
end_of_record
TN:
SF:src/lib/supabase.ts
FN:52,normalizeAuthors
FN:55,(anonymous_1)
FN:60,(anonymous_2)
FN:70,normalizePublication
FN:80,getAllPublications
FN:98,getPublicationBySlug
FN:117,getFilteredPublications
FNF:7
FNH:0
FNDA:0,normalizeAuthors
FNDA:0,(anonymous_1)
FNDA:0,(anonymous_2)
FNDA:0,normalizePublication
FNDA:0,getAllPublications
FNDA:0,getPublicationBySlug
FNDA:0,getFilteredPublications
DA:3,0
DA:4,0
DA:6,0
DA:7,0
DA:10,0
DA:53,0
DA:54,0
DA:55,0
DA:57,0
DA:58,0
DA:60,0
DA:64,0
DA:71,0
DA:81,0
DA:87,0
DA:88,0
DA:89,0
DA:92,0
DA:99,0
DA:106,0
DA:107,0
DA:108,0
DA:111,0
DA:120,0
DA:122,0
DA:123,0
DA:124,0
DA:128,0
DA:130,0
DA:131,0
DA:132,0
DA:135,0
LF:32
LH:0
BRDA:6,0,0,0
BRDA:6,0,1,0
BRDA:6,1,0,0
BRDA:6,1,1,0
BRDA:53,2,0,0
BRDA:53,2,1,0
BRDA:54,3,0,0
BRDA:54,3,1,0
BRDA:57,4,0,0
BRDA:57,4,1,0
BRDA:87,5,0,0
BRDA:87,5,1,0
BRDA:92,6,0,0
BRDA:92,6,1,0
BRDA:106,7,0,0
BRDA:106,7,1,0
BRDA:111,8,0,0
BRDA:111,8,1,0
BRDA:123,9,0,0
BRDA:123,9,1,0
BRDA:123,10,0,0
BRDA:123,10,1,0
BRDA:130,11,0,0
BRDA:130,11,1,0
BRDA:135,12,0,0
BRDA:135,12,1,0
BRF:26
BRH:0
end_of_record
TN:
SF:src/lib/text.ts
FN:4,escapeHtml
FN:9,linkify
FN:12,(anonymous_2)
FNF:3
FNH:3
FNDA:5,escapeHtml
FNDA:7,linkify
FNDA:5,(anonymous_2)
DA:5,5
DA:10,7
DA:11,5
DA:12,5
DA:13,5
DA:14,5
LF:6
LH:6
BRDA:10,0,0,2
BRDA:10,0,1,5
BRF:2
BRH:2
end_of_record
TN:
SF:src/pages/feed.xml.ts
FN:5,(anonymous_0)
FN:13,(anonymous_1)
FN:14,(anonymous_2)
FN:20,(anonymous_3)
FNF:4
FNH:0
FNDA:0,(anonymous_0)
FNDA:0,(anonymous_1)
FNDA:0,(anonymous_2)
FNDA:0,(anonymous_3)
DA:5,0
DA:6,0
DA:8,0
DA:10,0
DA:12,0
DA:13,0
DA:15,0
DA:16,0
DA:17,0
DA:21,0
DA:24,0
DA:29,0
DA:33,0
DA:43,0
LF:14
LH:0
BRDA:24,0,0,0
BRDA:24,0,1,0
BRDA:24,1,0,0
BRDA:24,1,1,0
BRDA:29,2,0,0
BRDA:29,2,1,0
BRDA:29,3,0,0
BRDA:29,3,1,0
BRDA:30,4,0,0
BRDA:30,4,1,0
BRDA:31,5,0,0
BRDA:31,5,1,0
BRDA:46,6,0,0
BRDA:46,6,1,0
BRF:14
BRH:0
end_of_record
TN:
SF:src/pages/updates.json.ts
FN:3,GET
FN:5,(anonymous_1)
FNF:2
FNH:0
FNDA:0,GET
FNDA:0,(anonymous_1)
DA:4,0
DA:5,0
DA:18,0
LF:3
LH:0
BRF:0
BRH:0
end_of_record
TN:
SF:src/pages/api/build.ts
FN:5,(anonymous_0)
FNF:1
FNH:0
FNDA:0,(anonymous_0)
DA:3,0
DA:5,0
DA:6,0
DA:7,0
DA:13,0
DA:14,0
DA:21,0
DA:22,0
DA:23,0
DA:28,0
DA:30,0
DA:40,0
DA:41,0
LF:13
LH:0
BRDA:3,0,0,0
BRDA:3,0,1,0
BRDA:6,1,0,0
BRDA:6,1,1,0
BRDA:21,2,0,0
BRDA:21,2,1,0
BRDA:23,3,0,0
BRDA:23,3,1,0
BRDA:33,4,0,0
BRDA:33,4,1,0
BRF:10
BRH:0
end_of_record
